<?xml version="1.0" encoding="UTF-8"?>
<testng-results total="4" passed="4" failed="0" skipped="0">
  <reporter-output>
  </reporter-output>
  <suite started-at="2020-03-25T18:46:49Z" name="Default suite" finished-at="2020-03-25T18:47:45Z" duration-ms="56055">
    <groups>
    </groups>
    <test started-at="2020-03-25T18:46:49Z" name="Default test" finished-at="2020-03-25T18:47:45Z" duration-ms="56055">
      <class name="com.secookbook.examples.chapter07.TestNGDDT">
        <test-method is-config="true" signature="setUp()[pri:0, instance:com.secookbook.examples.chapter07.TestNGDDT@6cd28fa7]" started-at="2020-03-25T12:46:49Z" name="setUp" finished-at="2020-03-25T12:47:36Z" duration-ms="46568" status="PASS">
          <reporter-output>
          </reporter-output>
        </test-method> <!-- setUp -->
        <test-method signature="testBMICalculator(java.lang.String, java.lang.String, java.lang.String, java.lang.String)[pri:0, instance:com.secookbook.examples.chapter07.TestNGDDT@6cd28fa7]" started-at="2020-03-25T12:47:36Z" name="testBMICalculator" data-provider="testData" finished-at="2020-03-25T12:47:37Z" duration-ms="562" status="PASS">
          <params>
            <param index="0">
              <value>
                <![CDATA[160]]>
              </value>
            </param>
            <param index="1">
              <value>
                <![CDATA[45]]>
              </value>
            </param>
            <param index="2">
              <value>
                <![CDATA[17.6]]>
              </value>
            </param>
            <param index="3">
              <value>
                <![CDATA[Underweight]]>
              </value>
            </param>
          </params>
          <reporter-output>
          </reporter-output>
        </test-method> <!-- testBMICalculator -->
        <test-method signature="testBMICalculator(java.lang.String, java.lang.String, java.lang.String, java.lang.String)[pri:0, instance:com.secookbook.examples.chapter07.TestNGDDT@6cd28fa7]" started-at="2020-03-25T12:47:37Z" name="testBMICalculator" data-provider="testData" finished-at="2020-03-25T12:47:37Z" duration-ms="461" status="PASS">
          <params>
            <param index="0">
              <value>
                <![CDATA[168]]>
              </value>
            </param>
            <param index="1">
              <value>
                <![CDATA[70]]>
              </value>
            </param>
            <param index="2">
              <value>
                <![CDATA[24.8]]>
              </value>
            </param>
            <param index="3">
              <value>
                <![CDATA[Normal]]>
              </value>
            </param>
          </params>
          <reporter-output>
          </reporter-output>
        </test-method> <!-- testBMICalculator -->
        <test-method signature="testBMICalculator(java.lang.String, java.lang.String, java.lang.String, java.lang.String)[pri:0, instance:com.secookbook.examples.chapter07.TestNGDDT@6cd28fa7]" started-at="2020-03-25T12:47:37Z" name="testBMICalculator" data-provider="testData" finished-at="2020-03-25T12:47:38Z" duration-ms="527" status="PASS">
          <params>
            <param index="0">
              <value>
                <![CDATA[181]]>
              </value>
            </param>
            <param index="1">
              <value>
                <![CDATA[89]]>
              </value>
            </param>
            <param index="2">
              <value>
                <![CDATA[27.2]]>
              </value>
            </param>
            <param index="3">
              <value>
                <![CDATA[Overweight]]>
              </value>
            </param>
          </params>
          <reporter-output>
          </reporter-output>
        </test-method> <!-- testBMICalculator -->
        <test-method signature="testBMICalculator(java.lang.String, java.lang.String, java.lang.String, java.lang.String)[pri:0, instance:com.secookbook.examples.chapter07.TestNGDDT@6cd28fa7]" started-at="2020-03-25T12:47:38Z" name="testBMICalculator" data-provider="testData" finished-at="2020-03-25T12:47:38Z" duration-ms="459" status="PASS">
          <params>
            <param index="0">
              <value>
                <![CDATA[178]]>
              </value>
            </param>
            <param index="1">
              <value>
                <![CDATA[100]]>
              </value>
            </param>
            <param index="2">
              <value>
                <![CDATA[31.6]]>
              </value>
            </param>
            <param index="3">
              <value>
                <![CDATA[Obesity]]>
              </value>
            </param>
          </params>
          <reporter-output>
          </reporter-output>
        </test-method> <!-- testBMICalculator -->
        <test-method is-config="true" signature="tearDown()[pri:0, instance:com.secookbook.examples.chapter07.TestNGDDT@6cd28fa7]" started-at="2020-03-25T12:47:38Z" name="tearDown" finished-at="2020-03-25T12:47:45Z" duration-ms="7455" status="PASS">
          <reporter-output>
          </reporter-output>
        </test-method> <!-- tearDown -->
      </class> <!-- com.secookbook.examples.chapter07.TestNGDDT -->
    </test> <!-- Default test -->
  </suite> <!-- Default suite -->
</testng-results>
